Сборка начата 14.09.2023 13:15:36.
Уровень детализации журнала: Normal.     1>Проект "D:\Лабораторные\3sem\АСД\lab02\lab02\lab02.vcxproj" в узле 2 (целевые объекты Build).
     1>InitializeBuildStatus:
         Создание "x64\Debug\lab02.tlog\unsuccessfulbuild", так как было задано "AlwaysCreate".
         Обращение к "x64\Debug\lab02.tlog\unsuccessfulbuild".
       ClCompile:
         C:\Program Files\Microsoft Visual Studio\2022\Professional\VC\Tools\MSVC\14.37.32822\bin\HostX64\x64\CL.exe /c /ZI /JMC /nologo /W3 /WX- /diagnostics:column /sdl /Od /D _DEBUG /D _CONSOLE /D _UNICODE /D UNICODE /Gm- /EHsc /RTC1 /MDd /GS /fp:precise /Zc:wchar_t /Zc:forScope /Zc:inline /permissive- /Fo"x64\Debug\\" /Fd"x64\Debug\vc143.pdb" /external:W3 /Gd /TP /FC /errorReport:prompt lab02.cpp
         lab02.cpp
     1>D:\Лабораторные\3sem\АСД\lab02\lab02\lab02.cpp(95,13): warning C4326: возвращаемый тип "main" должен быть "int", а не "void"
       Link:
         C:\Program Files\Microsoft Visual Studio\2022\Professional\VC\Tools\MSVC\14.37.32822\bin\HostX64\x64\link.exe /ERRORREPORT:PROMPT /OUT:"D:\Лабораторные\3sem\АСД\lab02\x64\Debug\lab02.exe" /INCREMENTAL /ILK:"x64\Debug\lab02.ilk" /NOLOGO kernel32.lib user32.lib gdi32.lib winspool.lib comdlg32.lib advapi32.lib shell32.lib ole32.lib oleaut32.lib uuid.lib odbc32.lib odbccp32.lib /MANIFEST /MANIFESTUAC:"level='asInvoker' uiAccess='false'" /manifest:embed /DEBUG /PDB:"D:\Лабораторные\3sem\АСД\lab02\x64\Debug\lab02.pdb" /SUBSYSTEM:CONSOLE /TLBID:1 /DYNAMICBASE /NXCOMPAT /IMPLIB:"D:\Лабораторные\3sem\АСД\lab02\x64\Debug\lab02.lib" /MACHINE:X64 x64\Debug\lab02.obj
         lab02.vcxproj -> D:\Лабораторные\3sem\АСД\lab02\x64\Debug\lab02.exe
       FinalizeBuildStatus:
         Файл "x64\Debug\lab02.tlog\unsuccessfulbuild" удаляется.
         Обращение к "x64\Debug\lab02.tlog\lab02.lastbuildstate".
     1>Сборка проекта "D:\Лабораторные\3sem\АСД\lab02\lab02\lab02.vcxproj" завершена (целевые объекты Build).

Сборка успешно завершена.

       "D:\Лабораторные\3sem\АСД\lab02\lab02\lab02.vcxproj" (целевой объект Build ) (1) ->
       (Целевой объект ClCompile) -> 
         D:\Лабораторные\3sem\АСД\lab02\lab02\lab02.cpp(95,13): warning C4326: возвращаемый тип "main" должен быть "int", а не "void"

    Предупреждений: 1
    Ошибок: 0

Прошло времени 00:00:00.88
