Сборка начата 12.10.2023 14:35:53.
Уровень детализации журнала: Normal.     1>Проект "D:\Лабораторные\3sem\АСД\Lab5\Lab5\Lab5.vcxproj" в узле 2 (целевые объекты Build).
     1>PrepareForBuild:
         Создание каталога "D:\Лабораторные\3sem\АСД\Lab5\x64\Debug\".
         Создание каталога "x64\Debug\Lab5.tlog\".
       InitializeBuildStatus:
         Создание "x64\Debug\Lab5.tlog\unsuccessfulbuild", так как было задано "AlwaysCreate".
         Обращение к "x64\Debug\Lab5.tlog\unsuccessfulbuild".
       ClCompile:
         C:\Program Files\Microsoft Visual Studio\2022\Professional\VC\Tools\MSVC\14.37.32822\bin\HostX64\x64\CL.exe /c /ZI /JMC /nologo /W3 /WX- /diagnostics:column /sdl /Od /D _DEBUG /D _CONSOLE /D _UNICODE /D UNICODE /Gm- /EHsc /RTC1 /MDd /GS /fp:precise /Zc:wchar_t /Zc:forScope /Zc:inline /permissive- /Fo"x64\Debug\\" /Fd"x64\Debug\vc143.pdb" /external:W3 /Gd /TP /FC /errorReport:prompt Lab5.cpp
         Lab5.cpp
     1>D:\Лабораторные\3sem\АСД\Lab5\Lab5\Lab5.cpp(80,18): warning C4267: =: преобразование из "size_t" в "int"; возможна потеря данных
     1>D:\Лабораторные\3sem\АСД\Lab5\Lab5\Lab5.cpp(81,14): warning C4267: =: преобразование из "size_t" в "int"; возможна потеря данных
       Link:
         C:\Program Files\Microsoft Visual Studio\2022\Professional\VC\Tools\MSVC\14.37.32822\bin\HostX64\x64\link.exe /ERRORREPORT:PROMPT /OUT:"D:\Лабораторные\3sem\АСД\Lab5\x64\Debug\Lab5.exe" /INCREMENTAL /ILK:"x64\Debug\Lab5.ilk" /NOLOGO kernel32.lib user32.lib gdi32.lib winspool.lib comdlg32.lib advapi32.lib shell32.lib ole32.lib oleaut32.lib uuid.lib odbc32.lib odbccp32.lib /MANIFEST /MANIFESTUAC:"level='asInvoker' uiAccess='false'" /manifest:embed /DEBUG /PDB:"D:\Лабораторные\3sem\АСД\Lab5\x64\Debug\Lab5.pdb" /SUBSYSTEM:CONSOLE /TLBID:1 /DYNAMICBASE /NXCOMPAT /IMPLIB:"D:\Лабораторные\3sem\АСД\Lab5\x64\Debug\Lab5.lib" /MACHINE:X64 x64\Debug\Lab5.obj
         Lab5.vcxproj -> D:\Лабораторные\3sem\АСД\Lab5\x64\Debug\Lab5.exe
       FinalizeBuildStatus:
         Файл "x64\Debug\Lab5.tlog\unsuccessfulbuild" удаляется.
         Обращение к "x64\Debug\Lab5.tlog\Lab5.lastbuildstate".
     1>Сборка проекта "D:\Лабораторные\3sem\АСД\Lab5\Lab5\Lab5.vcxproj" завершена (целевые объекты Build).

Сборка успешно завершена.

       "D:\Лабораторные\3sem\АСД\Lab5\Lab5\Lab5.vcxproj" (целевой объект Build ) (1) ->
       (Целевой объект ClCompile) -> 
         D:\Лабораторные\3sem\АСД\Lab5\Lab5\Lab5.cpp(80,18): warning C4267: =: преобразование из "size_t" в "int"; возможна потеря данных
         D:\Лабораторные\3sem\АСД\Lab5\Lab5\Lab5.cpp(81,14): warning C4267: =: преобразование из "size_t" в "int"; возможна потеря данных

    Предупреждений: 2
    Ошибок: 0

Прошло времени 00:00:02.35
